<?xml version="1.0" encoding="UTF-8"?>
<testng-results ignored="0" total="1" passed="1" failed="0" skipped="0">
  <reporter-output>
  </reporter-output>
  <suite started-at="2023-02-23T02:02:28Z" name="LiveGuru" finished-at="2023-02-23T02:03:10Z" duration-ms="41846">
    <groups>
    </groups>
    <test started-at="2023-02-23T02:02:28Z" name="Run on Chrome" finished-at="2023-02-23T02:03:10Z" duration-ms="41846">
      <class name="com.LiveGuru.Wishlist">
        <test-method is-config="true" signature="before(java.lang.String)[pri:0, instance:com.LiveGuru.Wishlist@17f7cd29]" started-at="2023-02-23T02:02:28Z" name="before" finished-at="2023-02-23T02:02:48Z" duration-ms="19784" status="PASS">
          <params>
            <param index="0">
              <value>
                <![CDATA[chrome]]>
              </value>
            </param>
          </params>
          <reporter-output>
          </reporter-output>
        </test-method> <!-- before -->
        <test-method signature="TC_08_Verify_you_can_share_wishlist_to_other_people_using_email()[pri:0, instance:com.LiveGuru.Wishlist@17f7cd29]" started-at="2023-02-23T02:02:48Z" name="TC_08_Verify_you_can_share_wishlist_to_other_people_using_email" finished-at="2023-02-23T02:02:53Z" duration-ms="5242" status="PASS">
          <reporter-output>
          </reporter-output>
        </test-method> <!-- TC_08_Verify_you_can_share_wishlist_to_other_people_using_email -->
        <test-method is-config="true" signature="after()[pri:0, instance:com.LiveGuru.Wishlist@17f7cd29]" started-at="2023-02-23T02:02:53Z" name="after" finished-at="2023-02-23T02:03:10Z" duration-ms="16797" status="PASS">
          <reporter-output>
          </reporter-output>
        </test-method> <!-- after -->
      </class> <!-- com.LiveGuru.Wishlist -->
    </test> <!-- Run on Chrome -->
  </suite> <!-- LiveGuru -->
</testng-results>
